<?xml version="1.0" encoding="UTF-8"?>
<!-- Generated by org.testng.reporters.JUnitXMLReporter -->
<testsuite hostname="Biswajits-MacBook-Pro.local" name="Test" tests="5" failures="0" timestamp="10 Apr 2017 21:24:29 GMT" time="56.32" errors="0">
  <testcase name="test_ValidUserLogIn" time="4.354" classname="testCases.VerifyValidUserLogIn"/>
  <testcase name="test_InvalidUserLogIn" time="1.01" classname="testCases.VerifyInvalidUserLogIn"/>
  <testcase name="test_HomePage" time="0.012" classname="testCases.VerifyHomePage"/>
  <testcase name="test_VerifyForgotPassword" time="0.053" classname="testCases.VerifyForgotPassword"/>
  <testcase name="test_VerifyNewUserRegistration" time="2.012" classname="testCases.VerifyDropDownList"/>
</testsuite> <!-- Test -->
