<?xml version="1.0" encoding="UTF-8"?>
<!-- Generated by org.testng.reporters.JUnitXMLReporter -->
<testsuite hostname="Biswajits-MacBook-Pro.local" name="Functional_Test" tests="5" failures="0" timestamp="10 Apr 2017 22:57:44 GMT" time="77.304" errors="0">
  <testcase name="test_ValidUserLogIn" time="24.239" classname="testCases.VerifyValidUserLogIn"/>
  <testcase name="test_InvalidUserLogIn" time="1.376" classname="testCases.VerifyInvalidUserLogIn"/>
  <testcase name="test_HomePage" time="0.011" classname="testCases.VerifyHomePage"/>
  <testcase name="test_VerifyForgotPassword" time="0.052" classname="testCases.VerifyForgotPassword"/>
  <testcase name="test_VerifyNewUserRegistration" time="2.16" classname="testCases.VerifyDropDownList"/>
</testsuite> <!-- Functional_Test -->
